<?xml version="1.0" encoding="UTF-8"?>
<testsuite xmlns:xsi="http://www.w3.org/2001/XMLSchema-instance" xsi:noNamespaceSchemaLocation="https://maven.apache.org/surefire/maven-surefire-plugin/xsd/surefire-test-report-3.0.xsd" version="3.0" name="io.quarkus.GreetingTest" time="4.441" tests="1" errors="0" skipped="0" failures="0">
  <properties>
[...]
</properties>
  <testcase name="testJaxrs" classname="io.quarkus.GreetingTest" time="1.019">
    <system-out><![CDATA[2022-05-31 23:10:28,060 INFO  [org.jbo.threads] (main) JBoss Threads version 3.4.2.Final
2022-05-31 23:10:28,509 INFO  [io.qua.ama.lam.run.MockEventServer] (build-10) Mock Lambda Event Server Started
2022-05-31 23:10:29,437 INFO  [io.qua.ama.lam.run.AbstractLambdaPollLoop] (Lambda Thread (TEST)) Listening on: http://localhost:8081/_lambda_/2018-06-01/runtime/invocation/next
2022-05-31 23:10:29,478 INFO  [io.quarkus] (main) lambda 1.0-SNAPSHOT on JVM (powered by Quarkus 2.9.2.Final) started in 1.782s. 
2022-05-31 23:10:29,479 INFO  [io.quarkus] (main) Profile test activated. 
2022-05-31 23:10:29,479 INFO  [io.quarkus] (main) Installed features: [amazon-lambda, cdi, resteasy, resteasy-jackson, security, smallrye-context-propagation, vertx]
]]></system-out>
  </testcase>
</testsuite>